# JRE version: Java(TM) SE Runtime Environment (8.0_141-b15) (build 1.8.0_141-b15)
# Java VM: Java HotSpot(TM) 64-Bit Server VM (25.141-b15 mixed mode windows-amd64 compressed oops)
Heap:
 PSYoungGen      total 71680K, used 65932K [0x00000000d5c00000, 0x00000000dc380000, 0x0000000100000000)
  eden space 66560K, 91% used [0x00000000d5c00000,0x00000000d976a118,0x00000000d9d00000)
  from space 5120K, 99% used [0x00000000d9d00000,0x00000000da1f9040,0x00000000da200000)
  to   space 12800K, 0% used [0x00000000db700000,0x00000000db700000,0x00000000dc380000)
 ParOldGen       total 58880K, used 15343K [0x0000000081400000, 0x0000000084d80000, 0x00000000d5c00000)
  object space 58880K, 26% used [0x0000000081400000,0x00000000822fbfe8,0x0000000084d80000)
 Metaspace       used 32631K, capacity 34354K, committed 34432K, reserved 1079296K
  class space    used 4362K, capacity 4682K, committed 4736K, reserved 1048576K
GC Heap History (10 events):
Event: 1.405 GC heap before
{Heap before GC invocations=2 (full 0):
 PSYoungGen      total 38400K, used 38381K [0x00000000d5c00000, 0x00000000d8680000, 0x0000000100000000)
  eden space 33280K, 100% used [0x00000000d5c00000,0x00000000d7c80000,0x00000000d7c80000)
  from space 5120K, 99% used [0x00000000d7c80000,0x00000000d817b5b8,0x00000000d8180000)
  to   space 5120K, 0% used [0x00000000d8180000,0x00000000d8180000,0x00000000d8680000)
 ParOldGen       total 87552K, used 690K [0x0000000081400000, 0x0000000086980000, 0x00000000d5c00000)
  object space 87552K, 0% used [0x0000000081400000,0x00000000814ac990,0x0000000086980000)
 Metaspace       used 16791K, capacity 17300K, committed 17536K, reserved 1064960K
  class space    used 2250K, capacity 2404K, committed 2432K, reserved 1048576K
Event: 1.413 GC heap after
Heap after GC invocations=2 (full 0):
 PSYoungGen      total 38400K, used 5103K [0x00000000d5c00000, 0x00000000da700000, 0x0000000100000000)
  eden space 33280K, 0% used [0x00000000d5c00000,0x00000000d5c00000,0x00000000d7c80000)
  from space 5120K, 99% used [0x00000000d8180000,0x00000000d867bc08,0x00000000d8680000)
  to   space 5120K, 0% used [0x00000000d7c80000,0x00000000d7c80000,0x00000000d8180000)
 ParOldGen       total 87552K, used 3342K [0x0000000081400000, 0x0000000086980000, 0x00000000d5c00000)
  object space 87552K, 3% used [0x0000000081400000,0x0000000081743b78,0x0000000086980000)
 Metaspace       used 16791K, capacity 17300K, committed 17536K, reserved 1064960K
  class space    used 2250K, capacity 2404K, committed 2432K, reserved 1048576K
}
Event: 1.580 GC heap before
{Heap before GC invocations=3 (full 0):
 PSYoungGen      total 38400K, used 31966K [0x00000000d5c00000, 0x00000000da700000, 0x0000000100000000)
  eden space 33280K, 80% used [0x00000000d5c00000,0x00000000d763bcf0,0x00000000d7c80000)
  from space 5120K, 99% used [0x00000000d8180000,0x00000000d867bc08,0x00000000d8680000)
  to   space 5120K, 0% used [0x00000000d7c80000,0x00000000d7c80000,0x00000000d8180000)
 ParOldGen       total 87552K, used 3342K [0x0000000081400000, 0x0000000086980000, 0x00000000d5c00000)
  object space 87552K, 3% used [0x0000000081400000,0x0000000081743b78,0x0000000086980000)
 Metaspace       used 20639K, capacity 21192K, committed 21296K, reserved 1067008K
  class space    used 2729K, capacity 2890K, committed 2944K, reserved 1048576K
Event: 1.587 GC heap after
Heap after GC invocations=3 (full 0):
 PSYoungGen      total 38400K, used 5096K [0x00000000d5c00000, 0x00000000da700000, 0x0000000100000000)
  eden space 33280K, 0% used [0x00000000d5c00000,0x00000000d5c00000,0x00000000d7c80000)
  from space 5120K, 99% used [0x00000000d7c80000,0x00000000d817a040,0x00000000d8180000)
  to   space 5120K, 0% used [0x00000000da200000,0x00000000da200000,0x00000000da700000)
 ParOldGen       total 87552K, used 6690K [0x0000000081400000, 0x0000000086980000, 0x00000000d5c00000)
  object space 87552K, 7% used [0x0000000081400000,0x0000000081a88918,0x0000000086980000)
 Metaspace       used 20639K, capacity 21192K, committed 21296K, reserved 1067008K
  class space    used 2729K, capacity 2890K, committed 2944K, reserved 1048576K
}
Event: 1.587 GC heap before
{Heap before GC invocations=4 (full 1):
 PSYoungGen      total 38400K, used 5096K [0x00000000d5c00000, 0x00000000da700000, 0x0000000100000000)
  eden space 33280K, 0% used [0x00000000d5c00000,0x00000000d5c00000,0x00000000d7c80000)
  from space 5120K, 99% used [0x00000000d7c80000,0x00000000d817a040,0x00000000d8180000)
  to   space 5120K, 0% used [0x00000000da200000,0x00000000da200000,0x00000000da700000)
 ParOldGen       total 87552K, used 6690K [0x0000000081400000, 0x0000000086980000, 0x00000000d5c00000)
  object space 87552K, 7% used [0x0000000081400000,0x0000000081a88918,0x0000000086980000)
 Metaspace       used 20639K, capacity 21192K, committed 21296K, reserved 1067008K
  class space    used 2729K, capacity 2890K, committed 2944K, reserved 1048576K
Event: 1.612 GC heap after
Heap after GC invocations=4 (full 1):
 PSYoungGen      total 38400K, used 0K [0x00000000d5c00000, 0x00000000da700000, 0x0000000100000000)
  eden space 33280K, 0% used [0x00000000d5c00000,0x00000000d5c00000,0x00000000d7c80000)
  from space 5120K, 0% used [0x00000000d7c80000,0x00000000d7c80000,0x00000000d8180000)
  to   space 5120K, 0% used [0x00000000da200000,0x00000000da200000,0x00000000da700000)
 ParOldGen       total 58880K, used 8267K [0x0000000081400000, 0x0000000084d80000, 0x00000000d5c00000)
  object space 58880K, 14% used [0x0000000081400000,0x0000000081c12de0,0x0000000084d80000)
 Metaspace       used 20637K, capacity 21186K, committed 21296K, reserved 1067008K
  class space    used 2729K, capacity 2889K, committed 2944K, reserved 1048576K
}
Event: 1.910 GC heap before
{Heap before GC invocations=5 (full 1):
 PSYoungGen      total 38400K, used 33280K [0x00000000d5c00000, 0x00000000da700000, 0x0000000100000000)
  eden space 33280K, 100% used [0x00000000d5c00000,0x00000000d7c80000,0x00000000d7c80000)
  from space 5120K, 0% used [0x00000000d7c80000,0x00000000d7c80000,0x00000000d8180000)
  to   space 5120K, 0% used [0x00000000da200000,0x00000000da200000,0x00000000da700000)
 ParOldGen       total 58880K, used 8267K [0x0000000081400000, 0x0000000084d80000, 0x00000000d5c00000)
  object space 58880K, 14% used [0x0000000081400000,0x0000000081c12de0,0x0000000084d80000)
 Metaspace       used 23474K, capacity 24286K, committed 24576K, reserved 1071104K
  class space    used 3112K, capacity 3317K, committed 3328K, reserved 1048576K
Event: 1.914 GC heap after
Heap after GC invocations=5 (full 1):
 PSYoungGen      total 57856K, used 4927K [0x00000000d5c00000, 0x00000000da700000, 0x0000000100000000)
  eden space 52736K, 0% used [0x00000000d5c00000,0x00000000d5c00000,0x00000000d8f80000)
  from space 5120K, 96% used [0x00000000da200000,0x00000000da6cfde0,0x00000000da700000)
  to   space 5120K, 0% used [0x00000000d9d00000,0x00000000d9d00000,0x00000000da200000)
 ParOldGen       total 58880K, used 8339K [0x0000000081400000, 0x0000000084d80000, 0x00000000d5c00000)
  object space 58880K, 14% used [0x0000000081400000,0x0000000081c24df0,0x0000000084d80000)
 Metaspace       used 23474K, capacity 24286K, committed 24576K, reserved 1071104K
  class space    used 3112K, capacity 3317K, committed 3328K, reserved 1048576K
}
Event: 7.964 GC heap before
{Heap before GC invocations=6 (full 1):
 PSYoungGen      total 57856K, used 57663K [0x00000000d5c00000, 0x00000000da700000, 0x0000000100000000)
  eden space 52736K, 100% used [0x00000000d5c00000,0x00000000d8f80000,0x00000000d8f80000)
  from space 5120K, 96% used [0x00000000da200000,0x00000000da6cfde0,0x00000000da700000)
  to   space 5120K, 0% used [0x00000000d9d00000,0x00000000d9d00000,0x00000000da200000)
 ParOldGen       total 58880K, used 8339K [0x0000000081400000, 0x0000000084d80000, 0x00000000d5c00000)
  object space 58880K, 14% used [0x0000000081400000,0x0000000081c24df0,0x0000000084d80000)
 Metaspace       used 28585K, capacity 29884K, committed 29952K, reserved 1075200K
  class space    used 3789K, capacity 4068K, committed 4096K, reserved 1048576K
Event: 7.975 GC heap after
Heap after GC invocations=6 (full 1):
 PSYoungGen      total 71680K, used 5092K [0x00000000d5c00000, 0x00000000dc380000, 0x0000000100000000)
  eden space 66560K, 0% used [0x00000000d5c00000,0x00000000d5c00000,0x00000000d9d00000)
  from space 5120K, 99% used [0x00000000d9d00000,0x00000000da1f9040,0x00000000da200000)
  to   space 12800K, 0% used [0x00000000db700000,0x00000000db700000,0x00000000dc380000)
 ParOldGen       total 58880K, used 15343K [0x0000000081400000, 0x0000000084d80000, 0x00000000d5c00000)
  object space 58880K, 26% used [0x0000000081400000,0x00000000822fbfe8,0x0000000084d80000)
 Metaspace       used 28585K, capacity 29884K, committed 29952K, reserved 1075200K
  class space    used 3789K, capacity 4068K, committed 4096K, reserved 1048576K
}

